Unity Editor version:    2020.3.20f1 (41c4e627c95f)
Branch:                  2020.3/staging
Build type:              Release
Batch mode:              YES
macOS version:           Version 10.13.5 (Build 17F77)
Darwin version:          17.6.0
Architecture:            x86_64
Running under Rosetta:   NO
Available memory:        8192 MB
Using pre-set license
Pro License: NO

COMMAND LINE ARGUMENTS:
/Applications/Unity/Hub/Editor/2020.3.20f1/Unity/Unity.app/Contents/MacOS/Unity
-adb2
-batchMode
-noUpm
-name
AssetImportWorker0
-projectPath
/Users/vhlong/Programming/Unity/AbiGameClone/RollTheBall/CloneRollTheBall
-logFile
Logs/AssetImportWorker0.log
-srvPort
51175
Successfully changed project path to: /Users/vhlong/Programming/Unity/AbiGameClone/RollTheBall/CloneRollTheBall
/Users/vhlong/Programming/Unity/AbiGameClone/RollTheBall/CloneRollTheBall
Using Asset Import Pipeline V2.
Refreshing native plugins compatible for Editor in 83.69 ms, found 2 plugins.
Preloading 0 native plugins for Editor in 0.00 ms.
Initialize engine version: 2020.3.20f1 (41c4e627c95f)
[Subsystems] Discovering subsystems at path /Applications/Unity/Hub/Editor/2020.3.20f1/Unity/Unity.app/Contents/Resources/UnitySubsystems
[Subsystems] Discovering subsystems at path /Users/vhlong/Programming/Unity/AbiGameClone/RollTheBall/CloneRollTheBall/Assets
GfxDevice: creating device client; threaded=0
2021-12-03 23:10:47.992 Unity[5874:260906] Color LCD preferred device: Intel(R) Iris(TM) Graphics 6000 (low power)
2021-12-03 23:10:47.992 Unity[5874:260906] Metal devices available: 1
2021-12-03 23:10:47.992 Unity[5874:260906] 0: Intel(R) Iris(TM) Graphics 6000 (low power)
2021-12-03 23:10:47.994 Unity[5874:260906] Using device Intel(R) Iris(TM) Graphics 6000 (low power)
Initializing Metal device caps: Intel(R) Iris(TM) Graphics 6000
Initialize mono
Mono path[0] = '/Applications/Unity/Hub/Editor/2020.3.20f1/Unity/Unity.app/Contents/Managed'
Mono path[1] = '/Applications/Unity/Hub/Editor/2020.3.20f1/Unity/Unity.app/Contents/MonoBleedingEdge/lib/mono/unityjit'
Mono config path = '/Applications/Unity/Hub/Editor/2020.3.20f1/Unity/Unity.app/Contents/MonoBleedingEdge/etc'
Using monoOptions --debugger-agent=transport=dt_socket,embedding=1,server=y,suspend=n,address=127.0.0.1:56874
Begin MonoManager ReloadAssembly
Registering precompiled unity dll's ...
Register platform support module: /Applications/Unity/Hub/Editor/2020.3.20f1/Unity/Unity.app/Contents/PlaybackEngines/MacStandaloneSupport/UnityEditor.OSXStandalone.Extensions.dll
Registered in 0.000600 seconds.
Native extension for OSXStandalone target not found
Refreshing native plugins compatible for Editor in 49.96 ms, found 2 plugins.
Preloading 0 native plugins for Editor in 0.00 ms.
Mono: successfully reloaded assembly
- Completed reload, in  1.845 seconds
Domain Reload Profiling:
	ReloadAssembly (1845ms)
		BeginReloadAssembly (57ms)
			ExecutionOrderSort (0ms)
			DisableScriptedObjects (0ms)
			BackupInstance (0ms)
			ReleaseScriptingObjects (0ms)
			CreateAndSetChildDomain (1ms)
		EndReloadAssembly (712ms)
			LoadAssemblies (55ms)
			RebuildTransferFunctionScriptingTraits (0ms)
			SetupTypeCache (299ms)
			ReleaseScriptCaches (0ms)
			RebuildScriptCaches (62ms)
			SetupLoadedEditorAssemblies (269ms)
				LogAssemblyErrors (0ms)
				InitializePlatformSupportModulesInManaged (6ms)
				SetLoadedEditorAssemblies (0ms)
				RefreshPlugins (50ms)
				BeforeProcessingInitializeOnLoad (15ms)
				ProcessInitializeOnLoadAttributes (149ms)
				ProcessInitializeOnLoadMethodAttributes (49ms)
				AfterProcessingInitializeOnLoad (0ms)
				EditorAssembliesLoaded (0ms)
			ExecutionOrderSort2 (0ms)
			AwakeInstancesAfterBackupRestoration (0ms)
Platform modules already initialized, skipping
Registering precompiled user dll's ...
Registered in 0.001615 seconds.
Begin MonoManager ReloadAssembly
Native extension for OSXStandalone target not found
Refreshing native plugins compatible for Editor in 0.37 ms, found 2 plugins.
Preloading 0 native plugins for Editor in 0.00 ms.
Mono: successfully reloaded assembly
- Completed reload, in  1.710 seconds
Domain Reload Profiling:
	ReloadAssembly (1711ms)
		BeginReloadAssembly (233ms)
			ExecutionOrderSort (0ms)
			DisableScriptedObjects (8ms)
			BackupInstance (0ms)
			ReleaseScriptingObjects (0ms)
			CreateAndSetChildDomain (45ms)
		EndReloadAssembly (1375ms)
			LoadAssemblies (103ms)
			RebuildTransferFunctionScriptingTraits (0ms)
			SetupTypeCache (504ms)
			ReleaseScriptCaches (1ms)
			RebuildScriptCaches (82ms)
			SetupLoadedEditorAssemblies (503ms)
				LogAssemblyErrors (0ms)
				InitializePlatformSupportModulesInManaged (7ms)
				SetLoadedEditorAssemblies (1ms)
				RefreshPlugins (0ms)
				BeforeProcessingInitializeOnLoad (110ms)
				ProcessInitializeOnLoadAttributes (376ms)
				ProcessInitializeOnLoadMethodAttributes (7ms)
				AfterProcessingInitializeOnLoad (2ms)
				EditorAssembliesLoaded (0ms)
			ExecutionOrderSort2 (0ms)
			AwakeInstancesAfterBackupRestoration (11ms)
Platform modules already initialized, skipping
Validating Project structure ... 0.002176 seconds.
Shader import version has changed; will reimport all shaders...
Upgrading shader files ...0.002830 seconds.
Application.AssetDatabase Initial Script Refresh Start
RefreshInfo: InitialScriptRefreshV2(NoUpdateAssetOptions) scanfilter:  ... 1 filters
RefreshProfiler: Total: 0.000ms
Application.AssetDatabase Initial Script Refresh End
Application.AssetDatabase.Refresh Start
Application.AssetDatabase.Refresh End
RefreshInfo: StopAssetImportingV2(ForceSynchronousImport) scanfilter: 
RefreshProfiler: Total: 0.000ms
Launching external process: /Applications/Unity/Hub/Editor/2020.3.20f1/Unity/Unity.app/Contents/Tools/UnityShaderCompiler
Launched and connected shader compiler UnityShaderCompiler after 0.02 seconds
Initializing Unity extensions:
========================================================================
Worker process is ready to serve import requests
Refreshing native plugins compatible for Editor in 0.36 ms, found 2 plugins.
Preloading 0 native plugins for Editor in 0.00 ms.
Unloading 1404 Unused Serialized files (Serialized files now loaded: 0)
System memory in use before: 162.8 MB.
System memory in use after: 162.5 MB.

Unloading 77 unused Assets to reduce memory usage. Loaded Objects now: 1890.
Total: 4.053211 ms (FindLiveObjects: 0.207622 ms CreateObjectMapping: 0.057072 ms MarkObjects: 3.545440 ms  DeleteObjects: 0.241698 ms)

AssetImportParameters requested are different than current active one (requested -> active):
  custom:video-decoder-ogg-theora: a1e56fd34408186e4bbccfd4996cb3dc -> 
  custom:container-muxer-webm: aa71ff27fc2769a1b78a27578f13a17b -> 
  custom:container-demuxer-webm: 4f35f7cbe854078d1ac9338744f61a02 -> 
  custom:container-demuxer-ogg: 62fdf1f143b41e24485cea50d1cbac27 -> 
  custom:video-encoder-webm-vp8: eb34c28f22e8b96e1ab97ce403110664 -> 
  custom:framework-osx-AVFoundation: b23960f63f64bdc6ff669e2cdcee2391 -> 
  custom:video-decoder-webm-vp8: 9c59270c3fd7afecdb556c50c9e8de78 -> 
  custom:audio-decoder-ogg-vorbis: bf7c407c2cedff20999df2af8eb42d56 -> 
  custom:audio-encoder-webm-vorbis: bf7c407c2cedff20999df2af8eb42d56 -> 
========================================================================
Received Import Request.
  path: Assets/Art/Block/Materials/08.mat
  artifactKey: Guid(f693d2d87c0e448049598891943cbe9c) Importer(815301076,1909f56bfc062723c751e8b465ee728b)
Start importing Assets/Art/Block/Materials/08.mat using Guid(f693d2d87c0e448049598891943cbe9c) Importer(815301076,1909f56bfc062723c751e8b465ee728b)  -> (artifact id: 'd5ad3ee18cc4c6e79fdb3762fc6a138f') in 0.449907 seconds 
  Import took 0.457080 seconds .

========================================================================
Received Import Request.
  Time since last request: 420.287575 seconds.
  path: Assets/Scenes/level11
  artifactKey: Guid(7da0f92c976bb46ad9d5fb65c1653455) Importer(815301076,1909f56bfc062723c751e8b465ee728b)
Start importing Assets/Scenes/level11 using Guid(7da0f92c976bb46ad9d5fb65c1653455) Importer(815301076,1909f56bfc062723c751e8b465ee728b)  -> (artifact id: '56b98114ba252c5a3a493e7748e13511') in 0.002774 seconds 
  Import took 0.008758 seconds .

========================================================================
Received Import Request.
  Time since last request: 0.053686 seconds.
  path: Assets/Scenes/level11/LightingData.asset
  artifactKey: Guid(25cf8b0b96c014fd6867dee98e01ad60) Importer(815301076,1909f56bfc062723c751e8b465ee728b)
Start importing Assets/Scenes/level11/LightingData.asset using Guid(25cf8b0b96c014fd6867dee98e01ad60) Importer(815301076,1909f56bfc062723c751e8b465ee728b)  -> (artifact id: '2a9d10124f3dc0228ae4c5ecdadfab35') in 0.041492 seconds 
  Import took 0.045932 seconds .

========================================================================
Received Import Request.
  Time since last request: 0.001538 seconds.
  path: Assets/Scenes/level11/ReflectionProbe-0.exr
  artifactKey: Guid(fea053843bfa349a09751baf1872f885) Importer(815301076,1909f56bfc062723c751e8b465ee728b)
Start importing Assets/Scenes/level11/ReflectionProbe-0.exr using Guid(fea053843bfa349a09751baf1872f885) Importer(815301076,1909f56bfc062723c751e8b465ee728b)  -> (artifact id: '0706e010b3ed236220a6479dfdff2c8b') in 0.300968 seconds 
  Import took 0.305419 seconds .

========================================================================
Received Import Request.
  Time since last request: 19.201721 seconds.
  path: Assets/Scenes/level11.unity
  artifactKey: Guid(266930af217160e44a84ba7709b34397) Importer(815301076,1909f56bfc062723c751e8b465ee728b)
Start importing Assets/Scenes/level11.unity using Guid(266930af217160e44a84ba7709b34397) Importer(815301076,1909f56bfc062723c751e8b465ee728b)  -> (artifact id: '84220c9908a3cbe95361cc31b0a60449') in 0.004623 seconds 
  Import took 0.009748 seconds .

